\BOOKMARK [1][-]{section.1}{\376\377\173\046\123\367\176\246\133\232\116\016\127\372\147\054\120\107\213\276}{}% 1
\BOOKMARK [2][-]{subsection.1.1}{\376\377\145\160\143\156\116\016\116\015\170\156\133\232\136\246}{section.1}% 2
\BOOKMARK [2][-]{subsection.1.2}{\376\377\136\217\122\027\116\016\147\201\226\120}{section.1}% 3
\BOOKMARK [1][-]{section.2}{\376\377\136\217\122\027\131\026\143\250\145\271\154\325\377\010\000E\000x\000t\000r\000a\000p\000o\000l\000a\000t\000i\000o\000n\377\011}{}% 4
\BOOKMARK [2][-]{subsection.2.1}{\376\377\116\011\160\271\131\026\143\250\377\010\236\330\213\244\116\011\160\271\121\154\137\017\377\011}{section.2}% 5
\BOOKMARK [2][-]{subsection.2.2}{\376\377\136\102\137\213\152\041\127\213\131\026\143\250\377\010\000P\000o\000w\000e\000r\000-\000l\000a\000w\000\040\000e\000x\000t\000r\000a\000p\000o\000l\000a\000t\000i\000o\000n\377\011}{section.2}% 6
\BOOKMARK [2][-]{subsection.2.3}{\376\377\000R\000i\000c\000h\000a\000r\000d\000s\000o\000n\000\040\131\026\143\250\000\040\000/\000\040\136\217\122\027\122\240\220\037}{section.2}% 7
\BOOKMARK [2][-]{subsection.2.4}{\376\377\000S\000h\000a\000n\000k\000s\000\040\123\330\143\142\116\016\000\040\000W\000y\000n\000n\000\040\000\040\173\227\154\325}{section.2}% 8
\BOOKMARK [2][-]{subsection.2.5}{\376\377\000L\000e\000v\000i\000n\000\040\123\330\143\142\377\010\116\345\000\040\000u\000-\000t\000r\000a\000n\000s\000f\000o\000r\000m\000\040\116\072\116\343\210\150\377\011}{section.2}% 9
\BOOKMARK [1][-]{section.3}{\376\377\213\357\135\356\117\040\220\022\145\271\154\325\377\010\000U\000n\000c\000e\000r\000t\000a\000i\000n\000t\000y\000\040\000P\000r\000o\000p\000a\000g\000a\000t\000i\000o\000n\377\011}{}% 10
\BOOKMARK [2][-]{subsection.3.1}{\376\377\116\000\226\066\377\010\176\277\140\047\123\026\377\011\213\357\135\356\117\040\220\022}{section.3}% 11
\BOOKMARK [2][-]{subsection.3.2}{\376\377\120\117\133\374\145\160\166\204\203\267\123\326\377\032\211\343\147\220\000/\173\046\123\367\116\016\145\160\120\074\135\356\122\006}{section.3}% 12
\BOOKMARK [2][-]{subsection.3.3}{\376\377\116\214\226\066\377\010\000T\000a\000y\000l\000o\000r\377\011\213\357\135\356\117\040\220\022\377\032\127\107\120\074\117\356\153\143\116\016\145\271\135\356\166\204\116\214\226\066\230\171}{section.3}% 13
\BOOKMARK [2][-]{subsection.3.4}{\376\377\000M\000o\000n\000t\000e\000\040\000C\000a\000r\000l\000o\000\040\213\357\135\356\117\040\220\022}{section.3}% 14
\BOOKMARK [1][-]{section.4}{\376\377\142\337\124\010\145\271\154\325\377\010\000F\000i\000t\000t\000i\000n\000g\377\011}{}% 15
\BOOKMARK [2][-]{subsection.4.1}{\376\377\147\000\134\017\116\214\116\130\116\016\122\240\147\103\000\040\0002}{section.4}% 16
\BOOKMARK [2][-]{subsection.4.2}{\376\377\176\277\140\047\152\041\127\213\377\032\211\343\147\220\211\343\116\016\123\117\145\271\135\356}{section.4}% 17
\BOOKMARK [2][-]{subsection.4.3}{\376\377\227\136\176\277\140\047\152\041\127\213\377\032\134\100\220\350\176\277\140\047\123\026\116\016\226\305\123\357\153\324\167\351\226\065}{section.4}% 18
\BOOKMARK [2][-]{subsection.4.4}{\376\377\152\041\127\213\153\324\217\203\143\007\150\007\377\032\000A\000I\000C\000\040\000/\000\040\000B\000I\000C\000\040\000/\000\040\000R\0002}{section.4}% 19
\BOOKMARK [1][-]{section.5}{\376\377\176\337\213\241\136\163\127\107\145\271\154\325\377\010\000S\000t\000a\000t\000i\000s\000t\000i\000c\000s\377\011}{}% 20
\BOOKMARK [2][-]{subsection.5.1}{\376\377\173\227\147\057\136\163\127\107\116\016\150\007\121\306\213\357\135\356}{section.5}% 21
\BOOKMARK [2][-]{subsection.5.2}{\376\377\122\240\147\103\136\163\127\107\377\010\147\103\221\315\000\040\000w\000i\000=\0001\000/\000i\0002\377\011}{section.5}% 22
\BOOKMARK [1][-]{section.6}{\376\377\136\070\211\301\133\236\215\365\136\372\213\256\377\010\116\016\145\271\154\325\145\340\121\163\377\011}{}% 23
